# JRE version: Java(TM) SE Runtime Environment (8.0_05-b13) (build 1.8.0_05-b13)
# Java VM: Java HotSpot(TM) 64-Bit Server VM (25.5-b02 mixed mode windows-amd64 compressed oops)
Heap:
 PSYoungGen      total 1536K, used 723K [0x00000000e0700000, 0x00000000e0b00000, 0x0000000100000000)
  eden space 1024K, 22% used [0x00000000e0700000,0x00000000e0738cf8,0x00000000e0800000)
  from space 512K, 96% used [0x00000000e0800000,0x00000000e087c040,0x00000000e0880000)
  to   space 1024K, 0% used [0x00000000e0a00000,0x00000000e0a00000,0x00000000e0b00000)
 ParOldGen       total 96768K, used 544K [0x00000000a1400000, 0x00000000a7280000, 0x00000000e0700000)
  object space 96768K, 0% used [0x00000000a1400000,0x00000000a1488020,0x00000000a7280000)
 Metaspace       used 6251K, capacity 6368K, committed 6528K, reserved 1056768K
  class space    used 757K, capacity 806K, committed 896K, reserved 1048576K
GC Heap History (10 events):
Event: 0.845 GC heap before
{Heap before GC invocations=1 (full 0):
 PSYoungGen      total 1024K, used 511K [0x00000000e0700000, 0x00000000e0880000, 0x0000000100000000)
  eden space 512K, 99% used [0x00000000e0700000,0x00000000e077fff8,0x00000000e0780000)
  from space 512K, 0% used [0x00000000e0800000,0x00000000e0800000,0x00000000e0880000)
  to   space 512K, 0% used [0x00000000e0780000,0x00000000e0780000,0x00000000e0800000)
 ParOldGen       total 96768K, used 0K [0x00000000a1400000, 0x00000000a7280000, 0x00000000e0700000)
  object space 96768K, 0% used [0x00000000a1400000,0x00000000a1400000,0x00000000a7280000)
 Metaspace       used 2555K, capacity 4496K, committed 4864K, reserved 1056768K
  class space    used 272K, capacity 388K, committed 512K, reserved 1048576K
Event: 0.846 GC heap after
Heap after GC invocations=1 (full 0):
 PSYoungGen      total 1024K, used 416K [0x00000000e0700000, 0x00000000e0880000, 0x0000000100000000)
  eden space 512K, 0% used [0x00000000e0700000,0x00000000e0700000,0x00000000e0780000)
  from space 512K, 81% used [0x00000000e0780000,0x00000000e07e8020,0x00000000e0800000)
  to   space 512K, 0% used [0x00000000e0800000,0x00000000e0800000,0x00000000e0880000)
 ParOldGen       total 96768K, used 8K [0x00000000a1400000, 0x00000000a7280000, 0x00000000e0700000)
  object space 96768K, 0% used [0x00000000a1400000,0x00000000a1402000,0x00000000a7280000)
 Metaspace       used 2555K, capacity 4496K, committed 4864K, reserved 1056768K
  class space    used 272K, capacity 388K, committed 512K, reserved 1048576K
}
Event: 0.900 GC heap before
{Heap before GC invocations=2 (full 0):
 PSYoungGen      total 1024K, used 928K [0x00000000e0700000, 0x00000000e0880000, 0x0000000100000000)
  eden space 512K, 100% used [0x00000000e0700000,0x00000000e0780000,0x00000000e0780000)
  from space 512K, 81% used [0x00000000e0780000,0x00000000e07e8020,0x00000000e0800000)
  to   space 512K, 0% used [0x00000000e0800000,0x00000000e0800000,0x00000000e0880000)
 ParOldGen       total 96768K, used 8K [0x00000000a1400000, 0x00000000a7280000, 0x00000000e0700000)
  object space 96768K, 0% used [0x00000000a1400000,0x00000000a1402000,0x00000000a7280000)
 Metaspace       used 2936K, capacity 4540K, committed 4864K, reserved 1056768K
  class space    used 322K, capacity 410K, committed 512K, reserved 1048576K
Event: 0.901 GC heap after
Heap after GC invocations=2 (full 0):
 PSYoungGen      total 1024K, used 448K [0x00000000e0700000, 0x00000000e0900000, 0x0000000100000000)
  eden space 512K, 0% used [0x00000000e0700000,0x00000000e0700000,0x00000000e0780000)
  from space 512K, 87% used [0x00000000e0800000,0x00000000e0870000,0x00000000e0880000)
  to   space 512K, 0% used [0x00000000e0780000,0x00000000e0780000,0x00000000e0800000)
 ParOldGen       total 96768K, used 16K [0x00000000a1400000, 0x00000000a7280000, 0x00000000e0700000)
  object space 96768K, 0% used [0x00000000a1400000,0x00000000a1404000,0x00000000a7280000)
 Metaspace       used 2936K, capacity 4540K, committed 4864K, reserved 1056768K
  class space    used 322K, capacity 410K, committed 512K, reserved 1048576K
}
Event: 0.967 GC heap before
{Heap before GC invocations=3 (full 0):
 PSYoungGen      total 1024K, used 959K [0x00000000e0700000, 0x00000000e0900000, 0x0000000100000000)
  eden space 512K, 99% used [0x00000000e0700000,0x00000000e077ff10,0x00000000e0780000)
  from space 512K, 87% used [0x00000000e0800000,0x00000000e0870000,0x00000000e0880000)
  to   space 512K, 0% used [0x00000000e0780000,0x00000000e0780000,0x00000000e0800000)
 ParOldGen       total 96768K, used 16K [0x00000000a1400000, 0x00000000a7280000, 0x00000000e0700000)
  object space 96768K, 0% used [0x00000000a1400000,0x00000000a1404000,0x00000000a7280000)
 Metaspace       used 3467K, capacity 4638K, committed 4864K, reserved 1056768K
  class space    used 390K, capacity 424K, committed 512K, reserved 1048576K
Event: 0.981 GC heap after
Heap after GC invocations=3 (full 0):
 PSYoungGen      total 1024K, used 496K [0x00000000e0700000, 0x00000000e0900000, 0x0000000100000000)
  eden space 512K, 0% used [0x00000000e0700000,0x00000000e0700000,0x00000000e0780000)
  from space 512K, 96% used [0x00000000e0780000,0x00000000e07fc010,0x00000000e0800000)
  to   space 512K, 0% used [0x00000000e0880000,0x00000000e0880000,0x00000000e0900000)
 ParOldGen       total 96768K, used 160K [0x00000000a1400000, 0x00000000a7280000, 0x00000000e0700000)
  object space 96768K, 0% used [0x00000000a1400000,0x00000000a1428010,0x00000000a7280000)
 Metaspace       used 3467K, capacity 4638K, committed 4864K, reserved 1056768K
  class space    used 390K, capacity 424K, committed 512K, reserved 1048576K
}
Event: 1.380 GC heap before
{Heap before GC invocations=4 (full 0):
 PSYoungGen      total 1024K, used 1008K [0x00000000e0700000, 0x00000000e0900000, 0x0000000100000000)
  eden space 512K, 100% used [0x00000000e0700000,0x00000000e0780000,0x00000000e0780000)
  from space 512K, 96% used [0x00000000e0780000,0x00000000e07fc010,0x00000000e0800000)
  to   space 512K, 0% used [0x00000000e0880000,0x00000000e0880000,0x00000000e0900000)
 ParOldGen       total 96768K, used 160K [0x00000000a1400000, 0x00000000a7280000, 0x00000000e0700000)
  object space 96768K, 0% used [0x00000000a1400000,0x00000000a1428010,0x00000000a7280000)
 Metaspace       used 3755K, capacity 4724K, committed 4864K, reserved 1056768K
  class space    used 441K, capacity 480K, committed 512K, reserved 1048576K
Event: 1.392 GC heap after
Heap after GC invocations=4 (full 0):
 PSYoungGen      total 1536K, used 496K [0x00000000e0700000, 0x00000000e0900000, 0x0000000100000000)
  eden space 1024K, 0% used [0x00000000e0700000,0x00000000e0700000,0x00000000e0800000)
  from space 512K, 96% used [0x00000000e0880000,0x00000000e08fc010,0x00000000e0900000)
  to   space 512K, 0% used [0x00000000e0800000,0x00000000e0800000,0x00000000e0880000)
 ParOldGen       total 96768K, used 224K [0x00000000a1400000, 0x00000000a7280000, 0x00000000e0700000)
  object space 96768K, 0% used [0x00000000a1400000,0x00000000a1438010,0x00000000a7280000)
 Metaspace       used 3755K, capacity 4724K, committed 4864K, reserved 1056768K
  class space    used 441K, capacity 480K, committed 512K, reserved 1048576K
}
Event: 43.858 GC heap before
{Heap before GC invocations=5 (full 0):
 PSYoungGen      total 1536K, used 1507K [0x00000000e0700000, 0x00000000e0900000, 0x0000000100000000)
  eden space 1024K, 98% used [0x00000000e0700000,0x00000000e07fcd48,0x00000000e0800000)
  from space 512K, 96% used [0x00000000e0880000,0x00000000e08fc010,0x00000000e0900000)
  to   space 512K, 0% used [0x00000000e0800000,0x00000000e0800000,0x00000000e0880000)
 ParOldGen       total 96768K, used 224K [0x00000000a1400000, 0x00000000a7280000, 0x00000000e0700000)
  object space 96768K, 0% used [0x00000000a1400000,0x00000000a1438010,0x00000000a7280000)
 Metaspace       used 5741K, capacity 5914K, committed 6144K, reserved 1056768K
  class space    used 695K, capacity 741K, committed 768K, reserved 1048576K
Event: 43.871 GC heap after
Heap after GC invocations=5 (full 0):
 PSYoungGen      total 1536K, used 496K [0x00000000e0700000, 0x00000000e0b00000, 0x0000000100000000)
  eden space 1024K, 0% used [0x00000000e0700000,0x00000000e0700000,0x00000000e0800000)
  from space 512K, 96% used [0x00000000e0800000,0x00000000e087c040,0x00000000e0880000)
  to   space 1024K, 0% used [0x00000000e0a00000,0x00000000e0a00000,0x00000000e0b00000)
 ParOldGen       total 96768K, used 544K [0x00000000a1400000, 0x00000000a7280000, 0x00000000e0700000)
  object space 96768K, 0% used [0x00000000a1400000,0x00000000a1488020,0x00000000a7280000)
 Metaspace       used 5741K, capacity 5914K, committed 6144K, reserved 1056768K
  class space    used 695K, capacity 741K, committed 768K, reserved 1048576K
}

