# JRE version: Java(TM) SE Runtime Environment (8.0_05-b13) (build 1.8.0_05-b13)
# Java VM: Java HotSpot(TM) 64-Bit Server VM (25.5-b02 mixed mode windows-amd64 compressed oops)
Heap:
 PSYoungGen      total 129024K, used 68542K [0x00000000f5580000, 0x0000000100000000, 0x0000000100000000)
  eden space 89600K, 62% used [0x00000000f5580000,0x00000000f8be4990,0x00000000fad00000)
  from space 39424K, 32% used [0x00000000fd800000,0x00000000fe48aef0,0x00000000ffe80000)
  to   space 42496K, 0% used [0x00000000fad00000,0x00000000fad00000,0x00000000fd680000)
 ParOldGen       total 158720K, used 132484K [0x00000000e0000000, 0x00000000e9b00000, 0x00000000f5580000)
  object space 158720K, 83% used [0x00000000e0000000,0x00000000e8161000,0x00000000e9b00000)
 Metaspace       used 31835K, capacity 32698K, committed 33408K, reserved 1079296K
  class space    used 4088K, capacity 4321K, committed 4480K, reserved 1048576K
GC Heap History (10 events):
Event: 421.237 GC heap before
{Heap before GC invocations=46 (full 7):
 PSYoungGen      total 132096K, used 9018K [0x00000000f5580000, 0x0000000100000000, 0x0000000100000000)
  eden space 89600K, 0% used [0x00000000f5580000,0x00000000f5580000,0x00000000fad00000)
  from space 42496K, 21% used [0x00000000fad00000,0x00000000fb5ceae8,0x00000000fd680000)
  to   space 40448K, 0% used [0x00000000fd880000,0x00000000fd880000,0x0000000100000000)
 ParOldGen       total 115200K, used 101283K [0x00000000e0000000, 0x00000000e7080000, 0x00000000f5580000)
  object space 115200K, 87% used [0x00000000e0000000,0x00000000e62e8f60,0x00000000e7080000)
 Metaspace       used 30503K, capacity 31526K, committed 31744K, reserved 1077248K
  class space    used 3758K, capacity 4023K, committed 4096K, reserved 1048576K
Event: 421.578 GC heap after
Heap after GC invocations=46 (full 7):
 PSYoungGen      total 132096K, used 0K [0x00000000f5580000, 0x0000000100000000, 0x0000000100000000)
  eden space 89600K, 0% used [0x00000000f5580000,0x00000000f5580000,0x00000000fad00000)
  from space 42496K, 0% used [0x00000000fad00000,0x00000000fad00000,0x00000000fd680000)
  to   space 40448K, 0% used [0x00000000fd880000,0x00000000fd880000,0x0000000100000000)
 ParOldGen       total 132608K, used 107471K [0x00000000e0000000, 0x00000000e8180000, 0x00000000f5580000)
  object space 132608K, 81% used [0x00000000e0000000,0x00000000e68f3f50,0x00000000e8180000)
 Metaspace       used 30503K, capacity 31526K, committed 31744K, reserved 1077248K
  class space    used 3758K, capacity 4023K, committed 4096K, reserved 1048576K
}
Event: 982.833 GC heap before
{Heap before GC invocations=47 (full 7):
 PSYoungGen      total 132096K, used 89600K [0x00000000f5580000, 0x0000000100000000, 0x0000000100000000)
  eden space 89600K, 100% used [0x00000000f5580000,0x00000000fad00000,0x00000000fad00000)
  from space 42496K, 0% used [0x00000000fad00000,0x00000000fad00000,0x00000000fd680000)
  to   space 40448K, 0% used [0x00000000fd880000,0x00000000fd880000,0x0000000100000000)
 ParOldGen       total 132608K, used 107471K [0x00000000e0000000, 0x00000000e8180000, 0x00000000f5580000)
  object space 132608K, 81% used [0x00000000e0000000,0x00000000e68f3f50,0x00000000e8180000)
 Metaspace       used 31046K, capacity 32036K, committed 32384K, reserved 1077248K
  class space    used 3870K, capacity 4124K, committed 4224K, reserved 1048576K
Event: 982.845 GC heap after
Heap after GC invocations=47 (full 7):
 PSYoungGen      total 131072K, used 22198K [0x00000000f5580000, 0x00000000fff00000, 0x0000000100000000)
  eden space 91648K, 0% used [0x00000000f5580000,0x00000000f5580000,0x00000000faf00000)
  from space 39424K, 56% used [0x00000000fd880000,0x00000000fee2d980,0x00000000fff00000)
  to   space 40960K, 0% used [0x00000000faf00000,0x00000000faf00000,0x00000000fd700000)
 ParOldGen       total 132608K, used 107479K [0x00000000e0000000, 0x00000000e8180000, 0x00000000f5580000)
  object space 132608K, 81% used [0x00000000e0000000,0x00000000e68f5f50,0x00000000e8180000)
 Metaspace       used 31046K, capacity 32036K, committed 32384K, reserved 1077248K
  class space    used 3870K, capacity 4124K, committed 4224K, reserved 1048576K
}
Event: 1060.239 GC heap before
{Heap before GC invocations=48 (full 7):
 PSYoungGen      total 131072K, used 113846K [0x00000000f5580000, 0x00000000fff00000, 0x0000000100000000)
  eden space 91648K, 100% used [0x00000000f5580000,0x00000000faf00000,0x00000000faf00000)
  from space 39424K, 56% used [0x00000000fd880000,0x00000000fee2d980,0x00000000fff00000)
  to   space 40960K, 0% used [0x00000000faf00000,0x00000000faf00000,0x00000000fd700000)
 ParOldGen       total 132608K, used 107479K [0x00000000e0000000, 0x00000000e8180000, 0x00000000f5580000)
  object space 132608K, 81% used [0x00000000e0000000,0x00000000e68f5f50,0x00000000e8180000)
 Metaspace       used 31589K, capacity 32596K, committed 32768K, reserved 1077248K
  class space    used 4002K, capacity 4266K, committed 4352K, reserved 1048576K
Event: 1060.256 GC heap after
Heap after GC invocations=48 (full 7):
 PSYoungGen      total 132608K, used 10473K [0x00000000f5580000, 0x00000000ffe80000, 0x0000000100000000)
  eden space 91648K, 0% used [0x00000000f5580000,0x00000000f5580000,0x00000000faf00000)
  from space 40960K, 25% used [0x00000000faf00000,0x00000000fb93a6a0,0x00000000fd700000)
  to   space 39424K, 0% used [0x00000000fd800000,0x00000000fd800000,0x00000000ffe80000)
 ParOldGen       total 132608K, used 108503K [0x00000000e0000000, 0x00000000e8180000, 0x00000000f5580000)
  object space 132608K, 81% used [0x00000000e0000000,0x00000000e69f5fd0,0x00000000e8180000)
 Metaspace       used 31589K, capacity 32596K, committed 32768K, reserved 1077248K
  class space    used 4002K, capacity 4266K, committed 4352K, reserved 1048576K
}
Event: 1060.472 GC heap before
{Heap before GC invocations=49 (full 7):
 PSYoungGen      total 132608K, used 102121K [0x00000000f5580000, 0x00000000ffe80000, 0x0000000100000000)
  eden space 91648K, 100% used [0x00000000f5580000,0x00000000faf00000,0x00000000faf00000)
  from space 40960K, 25% used [0x00000000faf00000,0x00000000fb93a6a0,0x00000000fd700000)
  to   space 39424K, 0% used [0x00000000fd800000,0x00000000fd800000,0x00000000ffe80000)
 ParOldGen       total 132608K, used 108503K [0x00000000e0000000, 0x00000000e8180000, 0x00000000f5580000)
  object space 132608K, 81% used [0x00000000e0000000,0x00000000e69f5fd0,0x00000000e8180000)
 Metaspace       used 31600K, capacity 32660K, committed 32768K, reserved 1077248K
  class space    used 4002K, capacity 4266K, committed 4352K, reserved 1048576K
Event: 1060.500 GC heap after
Heap after GC invocations=49 (full 7):
 PSYoungGen      total 129024K, used 29493K [0x00000000f5580000, 0x0000000100000000, 0x0000000100000000)
  eden space 89600K, 0% used [0x00000000f5580000,0x00000000f5580000,0x00000000fad00000)
  from space 39424K, 74% used [0x00000000fd800000,0x00000000ff4cd500,0x00000000ffe80000)
  to   space 42496K, 0% used [0x00000000fad00000,0x00000000fad00000,0x00000000fd680000)
 ParOldGen       total 132608K, used 118660K [0x00000000e0000000, 0x00000000e8180000, 0x00000000f5580000)
  object space 132608K, 89% used [0x00000000e0000000,0x00000000e73e1250,0x00000000e8180000)
 Metaspace       used 31600K, capacity 32660K, committed 32768K, reserved 1077248K
  class space    used 4002K, capacity 4266K, committed 4352K, reserved 1048576K
}
Event: 1060.500 GC heap before
{Heap before GC invocations=50 (full 8):
 PSYoungGen      total 129024K, used 29493K [0x00000000f5580000, 0x0000000100000000, 0x0000000100000000)
  eden space 89600K, 0% used [0x00000000f5580000,0x00000000f5580000,0x00000000fad00000)
  from space 39424K, 74% used [0x00000000fd800000,0x00000000ff4cd500,0x00000000ffe80000)
  to   space 42496K, 0% used [0x00000000fad00000,0x00000000fad00000,0x00000000fd680000)
 ParOldGen       total 132608K, used 118660K [0x00000000e0000000, 0x00000000e8180000, 0x00000000f5580000)
  object space 132608K, 89% used [0x00000000e0000000,0x00000000e73e1250,0x00000000e8180000)
 Metaspace       used 31600K, capacity 32660K, committed 32768K, reserved 1077248K
  class space    used 4002K, capacity 4266K, committed 4352K, reserved 1048576K
Event: 1061.382 GC heap after
Heap after GC invocations=50 (full 8):
 PSYoungGen      total 129024K, used 12843K [0x00000000f5580000, 0x0000000100000000, 0x0000000100000000)
  eden space 89600K, 0% used [0x00000000f5580000,0x00000000f5580000,0x00000000fad00000)
  from space 39424K, 32% used [0x00000000fd800000,0x00000000fe48aef0,0x00000000ffe80000)
  to   space 42496K, 0% used [0x00000000fad00000,0x00000000fad00000,0x00000000fd680000)
 ParOldGen       total 158720K, used 132484K [0x00000000e0000000, 0x00000000e9b00000, 0x00000000f5580000)
  object space 158720K, 83% used [0x00000000e0000000,0x00000000e8161000,0x00000000e9b00000)
 Metaspace       used 31293K, capacity 32168K, committed 32768K, reserved 1077248K
  class space    used 3956K, capacity 4184K, committed 4352K, reserved 1048576K
}

